[2026/05/27  9:30:02.58] START 
━━━━━━━━━━━━━━━━━━━━━━━━━━━━━━━━━━━━━
  ヤマノ注文履歴取込スクリプト
  実行日時: 2026/5/27 9:30:03
━━━━━━━━━━━━━━━━━━━━━━━━━━━━━━━━━━━━━

既存注文番号をサーバーから取得中...
✓ 既存注文数: 19件

ヤマノサイトにログイン中...
✓ ログイン完了 → https://yamano-order.shop/

✓ 購入履歴ページ → https://yamano-order.shop/Form/OrderHistory/OrderHistoryList.aspx

注文一覧を収集中...
✓ 注文番号収集: 20件

新規取込対象: 3件

  取得中: Y2026052600020 ... ✓ 朝霧ヤマノ＿有江健彦 様 / 7品目
  取得中: Y2026052000008 ... スキップ（ステータス: キャンセル）
  取得中: Y2026052000007 ... スキップ（ステータス: キャンセル）

取得完了: 1件収集 / 0件失敗

サーバーに 1件 を送信中...

━━━━━━━━━━━━━━━━━━━━━━━━━━━━━━━━━━━━━
完了: 保存 1件 / スキップ 0件 / エラー 0件
━━━━━━━━━━━━━━━━━━━━━━━━━━━━━━━━━━━━━
[2026/05/27  9:30:33.22] END 
