[2026/06/01  9:30:01.92] START 
━━━━━━━━━━━━━━━━━━━━━━━━━━━━━━━━━━━━━
  ヤマノ注文履歴取込スクリプト
  実行日時: 2026/6/1 9:30:02
━━━━━━━━━━━━━━━━━━━━━━━━━━━━━━━━━━━━━

既存注文番号をサーバーから取得中...
✓ 既存注文数: 22件

ヤマノサイトにログイン中...
✓ ログイン完了 → https://yamano-order.shop/

✓ 購入履歴ページ → https://yamano-order.shop/Form/OrderHistory/OrderHistoryList.aspx

注文一覧を収集中...
✓ 注文番号収集: 20件

新規取込対象: 5件

  取得中: Y2026053100014 ... ✓ 森本すずみ 様 / 14品目
  取得中: Y2026052900014 ... ✓ 中野美枝 様 / 1品目
  取得中: Y2026052900013 ... スキップ（ステータス: キャンセル）
  取得中: Y2026052000008 ... スキップ（ステータス: キャンセル）
  取得中: Y2026052000007 ... スキップ（ステータス: キャンセル）

取得完了: 2件収集 / 0件失敗

サーバーに 2件 を送信中...

━━━━━━━━━━━━━━━━━━━━━━━━━━━━━━━━━━━━━
完了: 保存 2件 / スキップ 0件 / エラー 0件
━━━━━━━━━━━━━━━━━━━━━━━━━━━━━━━━━━━━━
[2026/06/01  9:30:27.91] END 
